<?xml version="1.0" encoding="UTF-8"?>
<!-- Generated by org.testng.reporters.JUnitXMLReporter -->
<testsuite ignored="0" hostname="DESKTOP-64I2TDN" failures="1" tests="4" name="Test" time="16.07" errors="0" timestamp="2024-07-23T22:09:59 IST">
  <testcase classname="employees.tests.Tests" name="testCreateEmployee" time="9.21"/>
  <testcase classname="employees.tests.Tests" name="testCreateEmployee" time="0.648"/>
  <testcase classname="employees.tests.Tests" name="testCreateEmployee" time="0.37"/>
  <testcase classname="employees.tests.Tests" name="testCreateEmployee" time="0.145">
    <failure type="java.lang.AssertionError" message="expected [7a77] but found [2e89]">
      <![CDATA[java.lang.AssertionError: expected [7a77] but found [2e89]
at employees.tests.Tests.testGetEmployee(Tests.java:66)
at employees.tests.Tests.testCreateEmployee(Tests.java:51)
at java.base/java.util.ArrayList.forEach(ArrayList.java:1541)
... Removed 37 stack frames]]>
    </failure>
  </testcase> <!-- testCreateEmployee -->
</testsuite> <!-- Test -->
